2022-04-12 22:14:49,329 INFO: Microblog startup [in /Users/senayberhe/Documents/project/flask_works/myblog/app/__init__.py:89]
2022-04-12 22:14:52,531 ERROR: Exception on /auth/login [GET] [in /Users/senayberhe/.local/share/virtualenvs/myblog-4xgKrrfF/lib/python3.9/site-packages/flask/app.py:1455]
Traceback (most recent call last):
  File "/Users/senayberhe/.local/share/virtualenvs/myblog-4xgKrrfF/lib/python3.9/site-packages/flask/app.py", line 2077, in wsgi_app
    response = self.full_dispatch_request()
  File "/Users/senayberhe/.local/share/virtualenvs/myblog-4xgKrrfF/lib/python3.9/site-packages/flask/app.py", line 1525, in full_dispatch_request
    rv = self.handle_user_exception(e)
  File "/Users/senayberhe/.local/share/virtualenvs/myblog-4xgKrrfF/lib/python3.9/site-packages/flask/app.py", line 1523, in full_dispatch_request
    rv = self.dispatch_request()
  File "/Users/senayberhe/.local/share/virtualenvs/myblog-4xgKrrfF/lib/python3.9/site-packages/flask/app.py", line 1509, in dispatch_request
    return self.ensure_sync(self.view_functions[rule.endpoint])(**req.view_args)
  File "/Users/senayberhe/Documents/project/flask_works/myblog/app/auth/routes.py", line 28, in login
    return render_template('auth/login.html', title=_('Sign In'), form=form)
  File "/Users/senayberhe/.local/share/virtualenvs/myblog-4xgKrrfF/lib/python3.9/site-packages/flask/templating.py", line 149, in render_template
    ctx.app.jinja_env.get_or_select_template(template_name_or_list),
  File "/Users/senayberhe/.local/share/virtualenvs/myblog-4xgKrrfF/lib/python3.9/site-packages/jinja2/environment.py", line 1071, in get_or_select_template
    return self.get_template(template_name_or_list, parent, globals)
  File "/Users/senayberhe/.local/share/virtualenvs/myblog-4xgKrrfF/lib/python3.9/site-packages/jinja2/environment.py", line 1000, in get_template
    return self._load_template(name, globals)
  File "/Users/senayberhe/.local/share/virtualenvs/myblog-4xgKrrfF/lib/python3.9/site-packages/jinja2/environment.py", line 959, in _load_template
    template = self.loader.load(self, name, self.make_globals(globals))
  File "/Users/senayberhe/.local/share/virtualenvs/myblog-4xgKrrfF/lib/python3.9/site-packages/jinja2/loaders.py", line 126, in load
    source, filename, uptodate = self.get_source(environment, name)
  File "/Users/senayberhe/.local/share/virtualenvs/myblog-4xgKrrfF/lib/python3.9/site-packages/flask/templating.py", line 59, in get_source
    return self._get_source_fast(environment, template)
  File "/Users/senayberhe/.local/share/virtualenvs/myblog-4xgKrrfF/lib/python3.9/site-packages/flask/templating.py", line 95, in _get_source_fast
    raise TemplateNotFound(template)
jinja2.exceptions.TemplateNotFound: auth/login.html
2022-04-12 22:18:00,449 INFO: Microblog startup [in /Users/senayberhe/Documents/project/flask_works/myblog/app/__init__.py:89]
2022-04-12 22:18:03,465 ERROR: Exception on /auth/login [GET] [in /Users/senayberhe/.local/share/virtualenvs/myblog-4xgKrrfF/lib/python3.9/site-packages/flask/app.py:1455]
Traceback (most recent call last):
  File "/Users/senayberhe/.local/share/virtualenvs/myblog-4xgKrrfF/lib/python3.9/site-packages/flask/app.py", line 2077, in wsgi_app
    response = self.full_dispatch_request()
  File "/Users/senayberhe/.local/share/virtualenvs/myblog-4xgKrrfF/lib/python3.9/site-packages/flask/app.py", line 1525, in full_dispatch_request
    rv = self.handle_user_exception(e)
  File "/Users/senayberhe/.local/share/virtualenvs/myblog-4xgKrrfF/lib/python3.9/site-packages/flask/app.py", line 1523, in full_dispatch_request
    rv = self.dispatch_request()
  File "/Users/senayberhe/.local/share/virtualenvs/myblog-4xgKrrfF/lib/python3.9/site-packages/flask/app.py", line 1509, in dispatch_request
    return self.ensure_sync(self.view_functions[rule.endpoint])(**req.view_args)
  File "/Users/senayberhe/Documents/project/flask_works/myblog/app/auth/routes.py", line 28, in login
    return render_template('auth/login.html', title=_('Sign In'), form=form)
  File "/Users/senayberhe/.local/share/virtualenvs/myblog-4xgKrrfF/lib/python3.9/site-packages/flask/templating.py", line 149, in render_template
    ctx.app.jinja_env.get_or_select_template(template_name_or_list),
  File "/Users/senayberhe/.local/share/virtualenvs/myblog-4xgKrrfF/lib/python3.9/site-packages/jinja2/environment.py", line 1071, in get_or_select_template
    return self.get_template(template_name_or_list, parent, globals)
  File "/Users/senayberhe/.local/share/virtualenvs/myblog-4xgKrrfF/lib/python3.9/site-packages/jinja2/environment.py", line 1000, in get_template
    return self._load_template(name, globals)
  File "/Users/senayberhe/.local/share/virtualenvs/myblog-4xgKrrfF/lib/python3.9/site-packages/jinja2/environment.py", line 959, in _load_template
    template = self.loader.load(self, name, self.make_globals(globals))
  File "/Users/senayberhe/.local/share/virtualenvs/myblog-4xgKrrfF/lib/python3.9/site-packages/jinja2/loaders.py", line 126, in load
    source, filename, uptodate = self.get_source(environment, name)
  File "/Users/senayberhe/.local/share/virtualenvs/myblog-4xgKrrfF/lib/python3.9/site-packages/flask/templating.py", line 59, in get_source
    return self._get_source_fast(environment, template)
  File "/Users/senayberhe/.local/share/virtualenvs/myblog-4xgKrrfF/lib/python3.9/site-packages/flask/templating.py", line 95, in _get_source_fast
    raise TemplateNotFound(template)
jinja2.exceptions.TemplateNotFound: auth/login.html
2022-04-12 22:21:08,016 INFO: Microblog startup [in /Users/senayberhe/Documents/project/flask_works/myblog/app/__init__.py:89]
