2022-04-12 15:08:06,930 ERROR: Exception on /auth/login/ [GET] [in /Users/senayberhe/.local/share/virtualenvs/myblog-4xgKrrfF/lib/python3.9/site-packages/flask/app.py:1455]
Traceback (most recent call last):
  File "/Users/senayberhe/.local/share/virtualenvs/myblog-4xgKrrfF/lib/python3.9/site-packages/flask/app.py", line 1523, in full_dispatch_request
    rv = self.dispatch_request()
  File "/Users/senayberhe/.local/share/virtualenvs/myblog-4xgKrrfF/lib/python3.9/site-packages/flask/app.py", line 1499, in dispatch_request
    self.raise_routing_exception(req)
  File "/Users/senayberhe/.local/share/virtualenvs/myblog-4xgKrrfF/lib/python3.9/site-packages/flask/app.py", line 1481, in raise_routing_exception
    raise request.routing_exception  # type: ignore
  File "/Users/senayberhe/.local/share/virtualenvs/myblog-4xgKrrfF/lib/python3.9/site-packages/flask/ctx.py", line 397, in match_request
    result = self.url_adapter.match(return_rule=True)  # type: ignore
  File "/Users/senayberhe/.local/share/virtualenvs/myblog-4xgKrrfF/lib/python3.9/site-packages/werkzeug/routing.py", line 2042, in match
    raise NotFound()
werkzeug.exceptions.NotFound: 404 Not Found: The requested URL was not found on the server. If you entered the URL manually please check your spelling and try again.

During handling of the above exception, another exception occurred:

Traceback (most recent call last):
  File "/Users/senayberhe/.local/share/virtualenvs/myblog-4xgKrrfF/lib/python3.9/site-packages/flask/app.py", line 2077, in wsgi_app
    response = self.full_dispatch_request()
  File "/Users/senayberhe/.local/share/virtualenvs/myblog-4xgKrrfF/lib/python3.9/site-packages/flask/app.py", line 1525, in full_dispatch_request
    rv = self.handle_user_exception(e)
  File "/Users/senayberhe/.local/share/virtualenvs/myblog-4xgKrrfF/lib/python3.9/site-packages/flask/app.py", line 1384, in handle_user_exception
    return self.handle_http_exception(e)
  File "/Users/senayberhe/.local/share/virtualenvs/myblog-4xgKrrfF/lib/python3.9/site-packages/flask/app.py", line 1324, in handle_http_exception
    return self.ensure_sync(handler)(e)
  File "/Users/senayberhe/Documents/project/flask_works/myblog/app/errors/handlers.py", line 16, in not_found_error
    return render_template('errors/404.html'), 404
  File "/Users/senayberhe/.local/share/virtualenvs/myblog-4xgKrrfF/lib/python3.9/site-packages/flask/templating.py", line 148, in render_template
    return _render(
  File "/Users/senayberhe/.local/share/virtualenvs/myblog-4xgKrrfF/lib/python3.9/site-packages/flask/templating.py", line 128, in _render
    rv = template.render(context)
  File "/Users/senayberhe/.local/share/virtualenvs/myblog-4xgKrrfF/lib/python3.9/site-packages/jinja2/environment.py", line 1291, in render
    self.environment.handle_exception()
  File "/Users/senayberhe/.local/share/virtualenvs/myblog-4xgKrrfF/lib/python3.9/site-packages/jinja2/environment.py", line 926, in handle_exception
    raise rewrite_traceback_stack(source=source)
  File "/Users/senayberhe/Documents/project/flask_works/myblog/app/templates/errors/404.html", line 1, in top-level template code
    {% extends "base.html" %}
  File "/Users/senayberhe/Documents/project/flask_works/myblog/app/templates/base.html", line 1, in top-level template code
    {% extends 'bootstrap/base.html' %}
  File "/Users/senayberhe/.local/share/virtualenvs/myblog-4xgKrrfF/lib/python3.9/site-packages/flask_bootstrap/templates/bootstrap/base.html", line 1, in top-level template code
    {% block doc -%}
  File "/Users/senayberhe/.local/share/virtualenvs/myblog-4xgKrrfF/lib/python3.9/site-packages/flask_bootstrap/templates/bootstrap/base.html", line 4, in block 'doc'
    {%- block html %}
  File "/Users/senayberhe/.local/share/virtualenvs/myblog-4xgKrrfF/lib/python3.9/site-packages/flask_bootstrap/templates/bootstrap/base.html", line 20, in block 'html'
    {% block body -%}
  File "/Users/senayberhe/.local/share/virtualenvs/myblog-4xgKrrfF/lib/python3.9/site-packages/flask_bootstrap/templates/bootstrap/base.html", line 23, in block 'body'
    {% block content -%}
  File "/Users/senayberhe/Documents/project/flask_works/myblog/app/templates/base.html", line 77, in block 'content'
    {% block app_content %}{% endblock %}
  File "/Users/senayberhe/Documents/project/flask_works/myblog/app/templates/errors/404.html", line 5, in block 'app_content'
    <p><a href="{{ url_for('index') }}">{{ _('Back') }}</a></p>
  File "/Users/senayberhe/.local/share/virtualenvs/myblog-4xgKrrfF/lib/python3.9/site-packages/flask/helpers.py", line 336, in url_for
    return appctx.app.handle_url_build_error(error, endpoint, values)
  File "/Users/senayberhe/.local/share/virtualenvs/myblog-4xgKrrfF/lib/python3.9/site-packages/flask/helpers.py", line 323, in url_for
    rv = url_adapter.build(
  File "/Users/senayberhe/.local/share/virtualenvs/myblog-4xgKrrfF/lib/python3.9/site-packages/werkzeug/routing.py", line 2315, in build
    raise BuildError(endpoint, values, method, self)
werkzeug.routing.BuildError: Could not build url for endpoint 'index'. Did you mean 'main.index' instead?
2022-04-12 15:37:20,945 INFO: myblog startup [in /Users/senayberhe/Documents/project/flask_works/myblog/app/__init__.py:89]
2022-04-12 15:37:26,744 INFO: myblog startup [in /Users/senayberhe/Documents/project/flask_works/myblog/app/__init__.py:89]
2022-04-12 15:38:55,972 INFO: myblog startup [in /Users/senayberhe/Documents/project/flask_works/myblog/./app/__init__.py:89]
2022-04-12 15:47:11,706 INFO: myblog startup [in /Users/senayberhe/Documents/project/flask_works/myblog/app/__init__.py:89]
2022-04-12 15:49:49,178 INFO: myblog startup [in /Users/senayberhe/Documents/project/flask_works/myblog/app/__init__.py:89]
2022-04-12 16:09:09,946 INFO: myblog startup [in /Users/senayberhe/Documents/project/flask_works/myblog/app/__init__.py:89]
